TN:
SF:src/genDiffJSON.js
FN:3,(anonymous_0)
FN:6,(anonymous_1)
FN:23,(anonymous_2)
FN:30,(anonymous_3)
FNF:4
FNH:4
FNDA:1,(anonymous_0)
FNDA:4,(anonymous_1)
FNDA:3,(anonymous_2)
FNDA:6,(anonymous_3)
DA:3,1
DA:4,1
DA:5,1
DA:6,1
DA:7,4
DA:8,2
DA:9,1
DA:11,1
DA:17,2
DA:23,1
DA:24,3
DA:25,1
DA:29,1
DA:30,6
LF:14
LH:14
BRDA:7,0,0,2
BRDA:7,0,1,2
BRDA:8,1,0,1
BRDA:8,1,1,1
BRDA:24,2,0,1
BRDA:24,2,1,2
BRF:6
BRH:6
end_of_record
TN:
SF:utils/utils.js
FN:8,(anonymous_0)
FN:9,(anonymous_1)
FN:11,(anonymous_2)
FN:12,(anonymous_3)
FNF:4
FNH:4
FNDA:3,(anonymous_0)
FNDA:1,(anonymous_1)
FNDA:1,(anonymous_2)
FNDA:2,(anonymous_3)
DA:6,1
DA:7,1
DA:8,3
DA:9,1
DA:11,1
DA:12,1
DA:13,2
DA:14,2
DA:15,2
DA:16,0
DA:17,0
DA:19,0
DA:21,1
LF:13
LH:10
BRDA:14,0,0,2
BRDA:14,0,1,0
BRDA:16,1,0,0
BRDA:16,1,1,0
BRDA:16,2,0,0
BRDA:16,2,1,0
BRF:6
BRH:1
end_of_record
